{"/Users/pattonc1/Development/other/mongoose-uuid/index.js":{"path":"/Users/pattonc1/Development/other/mongoose-uuid/index.js","s":{"1":1,"2":1,"3":1,"4":1,"5":1,"6":1,"7":1,"8":1,"9":1,"10":16,"11":1,"12":1,"13":16,"14":16,"15":0,"16":16,"17":1,"18":1,"19":1,"20":1,"21":1,"22":1,"23":1,"24":1,"25":0,"26":1,"27":2,"28":0,"29":2,"30":0,"31":2,"32":2,"33":2,"34":2,"35":2,"36":2,"37":0,"38":1,"39":0,"40":0,"41":0,"42":0,"43":0,"44":0,"45":0,"46":0,"47":1,"48":1},"b":{"1":[0,16],"2":[0,2],"3":[2,2],"4":[0,2],"5":[2,0],"6":[2,0],"7":[0,0],"8":[0,0]},"f":{"1":1,"2":1,"3":0,"4":2,"5":0,"6":1},"fnMap":{"1":{"name":"getter","line":10,"loc":{"start":{"line":10,"column":0},"end":{"line":10,"column":24}}},"2":{"name":"SchemaUUID","line":35,"loc":{"start":{"line":35,"column":0},"end":{"line":35,"column":34}}},"3":{"name":"(anonymous_3)","line":53,"loc":{"start":{"line":53,"column":37},"end":{"line":53,"column":54}}},"4":{"name":"(anonymous_4)","line":64,"loc":{"start":{"line":64,"column":28},"end":{"line":64,"column":45}}},"5":{"name":"(anonymous_5)","line":87,"loc":{"start":{"line":87,"column":36},"end":{"line":87,"column":65}}},"6":{"name":"loadType","line":100,"loc":{"start":{"line":100,"column":26},"end":{"line":100,"column":53}}}},"statementMap":{"1":{"start":{"line":5,"column":0},"end":{"line":5,"column":35}},"2":{"start":{"line":6,"column":0},"end":{"line":6,"column":27}},"3":{"start":{"line":7,"column":0},"end":{"line":7,"column":27}},"4":{"start":{"line":8,"column":0},"end":{"line":8,"column":32}},"5":{"start":{"line":10,"column":0},"end":{"line":33,"column":1}},"6":{"start":{"line":11,"column":2},"end":{"line":11,"column":28}},"7":{"start":{"line":13,"column":2},"end":{"line":13,"column":29}},"8":{"start":{"line":15,"column":2},"end":{"line":15,"column":28}},"9":{"start":{"line":17,"column":2},"end":{"line":18,"column":18}},"10":{"start":{"line":18,"column":4},"end":{"line":18,"column":18}},"11":{"start":{"line":20,"column":2},"end":{"line":20,"column":15}},"12":{"start":{"line":22,"column":2},"end":{"line":29,"column":3}},"13":{"start":{"line":24,"column":4},"end":{"line":24,"column":29}},"14":{"start":{"line":25,"column":4},"end":{"line":28,"column":28}},"15":{"start":{"line":26,"column":6},"end":{"line":26,"column":32}},"16":{"start":{"line":28,"column":6},"end":{"line":28,"column":28}},"17":{"start":{"line":31,"column":2},"end":{"line":31,"column":137}},"18":{"start":{"line":32,"column":2},"end":{"line":32,"column":17}},"19":{"start":{"line":35,"column":0},"end":{"line":38,"column":1}},"20":{"start":{"line":36,"column":2},"end":{"line":36,"column":56}},"21":{"start":{"line":37,"column":2},"end":{"line":37,"column":28}},"22":{"start":{"line":43,"column":0},"end":{"line":43,"column":55}},"23":{"start":{"line":46,"column":0},"end":{"line":46,"column":31}},"24":{"start":{"line":53,"column":0},"end":{"line":55,"column":2}},"25":{"start":{"line":54,"column":2},"end":{"line":54,"column":32}},"26":{"start":{"line":64,"column":0},"end":{"line":85,"column":2}},"27":{"start":{"line":66,"column":2},"end":{"line":67,"column":17}},"28":{"start":{"line":67,"column":4},"end":{"line":67,"column":17}},"29":{"start":{"line":69,"column":2},"end":{"line":70,"column":17}},"30":{"start":{"line":70,"column":4},"end":{"line":70,"column":17}},"31":{"start":{"line":72,"column":2},"end":{"line":72,"column":17}},"32":{"start":{"line":75,"column":2},"end":{"line":82,"column":3}},"33":{"start":{"line":76,"column":4},"end":{"line":81,"column":5}},"34":{"start":{"line":78,"column":6},"end":{"line":78,"column":64}},"35":{"start":{"line":79,"column":6},"end":{"line":79,"column":44}},"36":{"start":{"line":80,"column":6},"end":{"line":80,"column":35}},"37":{"start":{"line":84,"column":2},"end":{"line":84,"column":59}},"38":{"start":{"line":87,"column":0},"end":{"line":98,"column":2}},"39":{"start":{"line":88,"column":2},"end":{"line":88,"column":14}},"40":{"start":{"line":89,"column":2},"end":{"line":97,"column":3}},"41":{"start":{"line":90,"column":4},"end":{"line":90,"column":54}},"42":{"start":{"line":91,"column":4},"end":{"line":92,"column":69}},"43":{"start":{"line":92,"column":6},"end":{"line":92,"column":69}},"44":{"start":{"line":93,"column":4},"end":{"line":93,"column":35}},"45":{"start":{"line":95,"column":4},"end":{"line":95,"column":23}},"46":{"start":{"line":96,"column":4},"end":{"line":96,"column":26}},"47":{"start":{"line":100,"column":0},"end":{"line":102,"column":1}},"48":{"start":{"line":101,"column":2},"end":{"line":101,"column":63}}},"branchMap":{"1":{"line":25,"type":"if","locations":[{"start":{"line":25,"column":4},"end":{"line":25,"column":4}},{"start":{"line":25,"column":4},"end":{"line":25,"column":4}}]},"2":{"line":66,"type":"if","locations":[{"start":{"line":66,"column":2},"end":{"line":66,"column":2}},{"start":{"line":66,"column":2},"end":{"line":66,"column":2}}]},"3":{"line":66,"type":"binary-expr","locations":[{"start":{"line":66,"column":6},"end":{"line":66,"column":19}},{"start":{"line":66,"column":23},"end":{"line":66,"column":35}}]},"4":{"line":69,"type":"if","locations":[{"start":{"line":69,"column":2},"end":{"line":69,"column":2}},{"start":{"line":69,"column":2},"end":{"line":69,"column":2}}]},"5":{"line":75,"type":"if","locations":[{"start":{"line":75,"column":2},"end":{"line":75,"column":2}},{"start":{"line":75,"column":2},"end":{"line":75,"column":2}}]},"6":{"line":76,"type":"if","locations":[{"start":{"line":76,"column":4},"end":{"line":76,"column":4}},{"start":{"line":76,"column":4},"end":{"line":76,"column":4}}]},"7":{"line":89,"type":"if","locations":[{"start":{"line":89,"column":2},"end":{"line":89,"column":2}},{"start":{"line":89,"column":2},"end":{"line":89,"column":2}}]},"8":{"line":91,"type":"if","locations":[{"start":{"line":91,"column":4},"end":{"line":91,"column":4}},{"start":{"line":91,"column":4},"end":{"line":91,"column":4}}]}}}}