TN:
SF:/Users/pattonc1/Development/other/mongoose-uuid/index.js
FN:10,getter
FN:35,SchemaUUID
FN:53,(anonymous_3)
FN:64,(anonymous_4)
FN:87,(anonymous_5)
FN:100,loadType
FNF:6
FNH:4
FNDA:1,getter
FNDA:1,SchemaUUID
FNDA:0,(anonymous_3)
FNDA:2,(anonymous_4)
FNDA:0,(anonymous_5)
FNDA:1,loadType
DA:5,1
DA:6,1
DA:7,1
DA:8,1
DA:10,1
DA:11,1
DA:13,1
DA:15,1
DA:17,1
DA:18,16
DA:20,1
DA:22,1
DA:24,16
DA:25,16
DA:26,0
DA:28,16
DA:31,1
DA:32,1
DA:35,1
DA:36,1
DA:37,1
DA:43,1
DA:46,1
DA:53,1
DA:54,0
DA:64,1
DA:66,2
DA:67,0
DA:69,2
DA:70,0
DA:72,2
DA:75,2
DA:76,2
DA:78,2
DA:79,2
DA:80,2
DA:84,0
DA:87,1
DA:88,0
DA:89,0
DA:90,0
DA:91,0
DA:92,0
DA:93,0
DA:95,0
DA:96,0
DA:100,1
DA:101,1
LF:48
LH:35
BRDA:25,1,0,0
BRDA:25,1,1,16
BRDA:66,2,0,0
BRDA:66,2,1,2
BRDA:66,3,0,2
BRDA:66,3,1,2
BRDA:69,4,0,0
BRDA:69,4,1,2
BRDA:75,5,0,2
BRDA:75,5,1,0
BRDA:76,6,0,2
BRDA:76,6,1,0
BRDA:89,7,0,0
BRDA:89,7,1,0
BRDA:91,8,0,0
BRDA:91,8,1,0
BRF:16
BRH:7
end_of_record
